#
# There is insufficient memory for the Java Runtime Environment to continue.
# Native memory allocation (malloc) failed to allocate 1284880 bytes for Chunk::new
# Possible reasons:
#   The system is out of physical RAM or swap space
#   The process is running with CompressedOops enabled, and the Java Heap may be blocking the growth of the native heap
# Possible solutions:
#   Reduce memory load on the system
#   Increase physical memory or swap space
#   Check if swap backing store is full
#   Decrease Java heap size (-Xmx/-Xms)
#   Decrease number of Java threads
#   Decrease Java thread stack sizes (-Xss)
#   Set larger code cache with -XX:ReservedCodeCacheSize=
#   JVM is running with Unscaled Compressed Oops mode in which the Java heap is
#     placed in the first 4GB address space. The Java Heap base address is the
#     maximum limit for the native heap growth. Please use -XX:HeapBaseMinAddress
#     to set the Java Heap base and to place the Java Heap above 4GB virtual address.
# This output file may be truncated or incomplete.
#
#  Out of Memory Error (allocation.cpp:389), pid=7452, tid=0x00000000000019f0
#
# JRE version: OpenJDK Runtime Environment (8.0_242-b01) (build 1.8.0_242-release-1644-b01)
# Java VM: OpenJDK 64-Bit Server VM (25.242-b01 mixed mode windows-amd64 compressed oops)
# Failed to write core dump. Minidumps are not enabled by default on client versions of Windows
#

---------------  T H R E A D  ---------------

Current thread (0x0000000019451800):  JavaThread "C2 CompilerThread0" daemon [_thread_in_native, id=6640, stack(0x0000000019d20000,0x0000000019e20000)]

Stack: [0x0000000019d20000,0x0000000019e20000]
[error occurred during error reporting (printing stack bounds), id 0xc0000005]

Native frames: (J=compiled Java code, j=interpreted, Vv=VM code, C=native code)


Current CompileTask:
C2:   7871 4565   !   4       com.sun.beans.TypeResolver::resolve (274 bytes)


---------------  P R O C E S S  ---------------

Java Threads: ( => current thread )
  0x000000002116e000 JavaThread "Cache worker for Build Output Cleanup Cache (D:\HK5\CDDD\SoccerSocialNetwork\.gradle\buildOutputCleanup)" [_thread_blocked, id=11344, stack(0x00000000246d0000,0x00000000247d0000)]
  0x000000002116f800 JavaThread "Build operations Thread 8" [_thread_blocked, id=18352, stack(0x00000000241d0000,0x00000000242d0000)]
  0x0000000021172000 JavaThread "Build operations Thread 7" [_thread_blocked, id=13232, stack(0x00000000240d0000,0x00000000241d0000)]
  0x0000000021174000 JavaThread "Build operations Thread 6" [_thread_blocked, id=13780, stack(0x0000000023fd0000,0x00000000240d0000)]
  0x0000000021171000 JavaThread "Build operations Thread 5" [_thread_blocked, id=16464, stack(0x0000000023ed0000,0x0000000023fd0000)]
  0x0000000021170000 JavaThread "Build operations Thread 4" [_thread_blocked, id=21752, stack(0x0000000023dd0000,0x0000000023ed0000)]
  0x000000002116c800 JavaThread "Build operations Thread 3" [_thread_blocked, id=21240, stack(0x0000000023cd0000,0x0000000023dd0000)]
  0x0000000021173800 JavaThread "Build operations Thread 2" [_thread_blocked, id=21244, stack(0x00000000238e0000,0x00000000239e0000)]
  0x000000002116d000 JavaThread "Build operations" [_thread_blocked, id=21192, stack(0x00000000237e0000,0x00000000238e0000)]
  0x000000001a449000 JavaThread "Cache worker for execution history cache (C:\Users\ACER\.gradle\caches\6.1.1\executionHistory)" [_thread_blocked, id=17548, stack(0x0000000021d10000,0x0000000021e10000)]
  0x000000001a446800 JavaThread "Cache worker for cache directory md-rule (C:\Users\ACER\.gradle\caches\6.1.1\md-rule)" [_thread_blocked, id=18728, stack(0x00000000207e0000,0x00000000208e0000)]
  0x000000001a447800 JavaThread "Cache worker for cache directory md-supplier (C:\Users\ACER\.gradle\caches\6.1.1\md-supplier)" [_thread_blocked, id=21756, stack(0x00000000206e0000,0x00000000207e0000)]
  0x000000001a443000 JavaThread "Cache worker for file hash cache (D:\HK5\CDDD\SoccerSocialNetwork\.gradle\6.1.1\fileHashes)" [_thread_blocked, id=18068, stack(0x0000000021a10000,0x0000000021b10000)]
  0x000000001a444800 JavaThread "Cache worker for checksums cache (D:\HK5\CDDD\SoccerSocialNetwork\.gradle\checksums)" [_thread_blocked, id=16088, stack(0x0000000020940000,0x0000000020a40000)]
  0x000000001a446000 JavaThread "Cache worker for file hash cache (C:\Users\ACER\.gradle\caches\6.1.1\fileHashes)" [_thread_blocked, id=21256, stack(0x000000001e240000,0x000000001e340000)]
  0x000000001a448000 JavaThread "File lock request listener" [_thread_in_native, id=1632, stack(0x000000001e140000,0x000000001e240000)]
  0x000000001a6a6800 JavaThread "Cache worker for journal cache (C:\Users\ACER\.gradle\caches\journal-1)" [_thread_blocked, id=13324, stack(0x000000001e040000,0x000000001e140000)]
  0x000000001a358800 JavaThread "Thread-9" [_thread_blocked, id=21876, stack(0x000000001dd40000,0x000000001de40000)]
  0x00000000195d4800 JavaThread "Stdin handler" [_thread_blocked, id=264, stack(0x000000001dc40000,0x000000001dd40000)]
  0x00000000195d3800 JavaThread "Asynchronous log dispatcher for DefaultDaemonConnection: socket connection from /127.0.0.1:49874 to /127.0.0.1:49875" [_thread_blocked, id=21208, stack(0x000000001da40000,0x000000001db40000)]
  0x000000001bfc9000 JavaThread "Daemon worker" [_thread_in_Java, id=8312, stack(0x000000001d940000,0x000000001da40000)]
  0x000000001c0ce800 JavaThread "Cancel handler" [_thread_blocked, id=17144, stack(0x000000001d840000,0x000000001d940000)]
  0x000000001c045000 JavaThread "Handler for socket connection from /127.0.0.1:49874 to /127.0.0.1:49875" [_thread_in_native, id=20532, stack(0x000000001d540000,0x000000001d640000)]
  0x000000001c03d800 JavaThread "Daemon" [_thread_blocked, id=20004, stack(0x000000001d440000,0x000000001d540000)]
  0x000000001bff5800 JavaThread "Daemon periodic checks" [_thread_blocked, id=21720, stack(0x000000001d340000,0x000000001d440000)]
  0x000000001bff5000 JavaThread "Incoming local TCP Connector on port 49874" [_thread_in_native, id=20388, stack(0x000000001d100000,0x000000001d200000)]
  0x000000001bef6000 JavaThread "Daemon health stats" [_thread_blocked, id=20780, stack(0x000000001cac0000,0x000000001cbc0000)]
  0x00000000194e7800 JavaThread "Service Thread" daemon [_thread_blocked, id=21708, stack(0x000000001a120000,0x000000001a220000)]
  0x0000000019464800 JavaThread "C1 CompilerThread3" daemon [_thread_in_native, id=21132, stack(0x000000001a020000,0x000000001a120000)]
  0x000000001945d000 JavaThread "C2 CompilerThread2" daemon [_thread_in_native, id=1624, stack(0x0000000019f20000,0x000000001a020000)]
  0x0000000019454800 JavaThread "C2 CompilerThread1" daemon [_thread_blocked, id=7760, stack(0x0000000019e20000,0x0000000019f20000)]
=>0x0000000019451800 JavaThread "C2 CompilerThread0" daemon [_thread_in_native, id=6640, stack(0x0000000019d20000,0x0000000019e20000)]
  0x0000000019450000 JavaThread "Attach Listener" daemon [_thread_blocked, id=21612, stack(0x0000000019c20000,0x0000000019d20000)]
  0x000000001944f000 JavaThread "Signal Dispatcher" daemon [_thread_blocked, id=11284, stack(0x0000000019b20000,0x0000000019c20000)]
  0x00000000025c9000 JavaThread "Finalizer" daemon [_thread_blocked, id=21152, stack(0x0000000019920000,0x0000000019a20000)]
  0x000000001763c800 JavaThread "Reference Handler" daemon [_thread_blocked, id=15992, stack(0x0000000019820000,0x0000000019920000)]
  0x00000000024d2800 JavaThread "main" [_thread_blocked, id=18892, stack(0x00000000023d0000,0x00000000024d0000)]

Other Threads:
  0x0000000017637800 VMThread [stack: 0x0000000019320000,0x0000000019420000] [id=6688]
  0x00000000194e8000 WatcherThread [stack: 0x000000001a220000,0x000000001a320000] [id=11248]

VM state:not at safepoint (normal execution)

VM Mutex/Monitor currently owned by a thread: None

heap address: 0x0000000080000000, size: 2048 MB, Compressed Oops mode: 32-bit
Narrow klass base: 0x0000000000000000, Narrow klass shift: 3
Compressed class space size: 1073741824 Address: 0x0000000100000000

Heap:
 PSYoungGen      total 192512K, used 47291K [0x00000000d5580000, 0x00000000e2c00000, 0x0000000100000000)
  eden space 181248K, 19% used [0x00000000d5580000,0x00000000d78afca0,0x00000000e0680000)
  from space 11264K, 99% used [0x00000000e2100000,0x00000000e2bff320,0x00000000e2c00000)
  to   space 13312K, 0% used [0x00000000e1200000,0x00000000e1200000,0x00000000e1f00000)
 ParOldGen       total 101888K, used 26831K [0x0000000080000000, 0x0000000086380000, 0x00000000d5580000)
  object space 101888K, 26% used [0x0000000080000000,0x0000000081a33fd8,0x0000000086380000)
 Metaspace       used 52335K, capacity 54148K, committed 54440K, reserved 1095680K
  class space    used 7101K, capacity 7521K, committed 7600K, reserved 1048576K

Card table byte_map: [0x0000000011990000,0x0000000011da0000] byte_map_base: 0x0000000011590000

Marking Bits: (ParMarkBitMap*) 0x0000000060ddf030
 Begin Bits: [0x0000000012850000, 0x0000000014850000)
 End Bits:   [0x0000000014850000, 0x0000000016850000)

Polling page: 0x00000000006d0000

CodeCache: size=245760Kb used=14894Kb max_used=14894Kb free=230865Kb
 bounds [0x00000000025d0000, 0x0000000003470000, 0x00000000115d0000]
 total_blobs=5083 nmethods=4311 adapters=683
 compilation: enabled

Compilation events (10 events):
Event: 7.812 Thread 0x0000000019464800 4716       3       org.gradle.internal.operations.DefaultBuildOperationExecutor::setCurrentBuildOperation (9 bytes)
Event: 7.813 Thread 0x0000000019464800 nmethod 4716 0x0000000003463190 code [0x0000000003463380, 0x0000000003463bc8]
Event: 7.830 Thread 0x0000000019464800 4717       3       java.lang.invoke.MethodHandles$Lookup::resolveOrFail (39 bytes)
Event: 7.831 Thread 0x0000000019464800 nmethod 4717 0x0000000003464010 code [0x0000000003464220, 0x0000000003465048]
Event: 7.841 Thread 0x0000000019464800 4718       3       org.gradle.api.internal.DefaultDomainObjectCollection::withMutationDisabled (11 bytes)
Event: 7.841 Thread 0x0000000019464800 nmethod 4718 0x000000000345f550 code [0x000000000345f6c0, 0x000000000345f998]
Event: 7.844 Thread 0x0000000019464800 4719       3       org.gradle.api.internal.DefaultNamedDomainObjectCollection$AbstractDomainObjectCreatingProvider::getName (5 bytes)
Event: 7.845 Thread 0x0000000019464800 nmethod 4719 0x0000000003465450 code [0x00000000034655a0, 0x0000000003465710]
Event: 7.848 Thread 0x0000000019464800 4720       3       org.gradle.internal.ImmutableActionSet::mergeFrom (31 bytes)
Event: 7.849 Thread 0x0000000019464800 nmethod 4720 0x0000000003465790 code [0x0000000003465920, 0x0000000003465d88]

GC Heap History (10 events):
Event: 3.068 GC heap before
{Heap before GC invocations=6 (full 1):
 PSYoungGen      total 106496K, used 7268K [0x00000000d5580000, 0x00000000e2c80000, 0x0000000100000000)
  eden space 98304K, 0% used [0x00000000d5580000,0x00000000d5580000,0x00000000db580000)
  from space 8192K, 88% used [0x00000000db580000,0x00000000dbc99070,0x00000000dbd80000)
  to   space 11776K, 0% used [0x00000000e2100000,0x00000000e2100000,0x00000000e2c80000)
 ParOldGen       total 131072K, used 3529K [0x0000000080000000, 0x0000000088000000, 0x00000000d5580000)
  object space 131072K, 2% used [0x0000000080000000,0x0000000080372720,0x0000000088000000)
 Metaspace       used 20600K, capacity 21224K, committed 21296K, reserved 1067008K
  class space    used 2884K, capacity 3084K, committed 3120K, reserved 1048576K
Event: 3.096 GC heap after
Heap after GC invocations=6 (full 1):
 PSYoungGen      total 106496K, used 0K [0x00000000d5580000, 0x00000000e2c80000, 0x0000000100000000)
  eden space 98304K, 0% used [0x00000000d5580000,0x00000000d5580000,0x00000000db580000)
  from space 8192K, 0% used [0x00000000db580000,0x00000000db580000,0x00000000dbd80000)
  to   space 11776K, 0% used [0x00000000e2100000,0x00000000e2100000,0x00000000e2c80000)
 ParOldGen       total 66048K, used 7556K [0x0000000080000000, 0x0000000084080000, 0x00000000d5580000)
  object space 66048K, 11% used [0x0000000080000000,0x0000000080761328,0x0000000084080000)
 Metaspace       used 20600K, capacity 21224K, committed 21296K, reserved 1067008K
  class space    used 2884K, capacity 3084K, committed 3120K, reserved 1048576K
}
Event: 4.086 GC heap before
{Heap before GC invocations=7 (full 1):
 PSYoungGen      total 106496K, used 98304K [0x00000000d5580000, 0x00000000e2c80000, 0x0000000100000000)
  eden space 98304K, 100% used [0x00000000d5580000,0x00000000db580000,0x00000000db580000)
  from space 8192K, 0% used [0x00000000db580000,0x00000000db580000,0x00000000dbd80000)
  to   space 11776K, 0% used [0x00000000e2100000,0x00000000e2100000,0x00000000e2c80000)
 ParOldGen       total 66048K, used 7556K [0x0000000080000000, 0x0000000084080000, 0x00000000d5580000)
  object space 66048K, 11% used [0x0000000080000000,0x0000000080761328,0x0000000084080000)
 Metaspace       used 31066K, capacity 31786K, committed 31920K, reserved 1077248K
  class space    used 4227K, capacity 4468K, committed 4528K, reserved 1048576K
Event: 4.095 GC heap after
Heap after GC invocations=7 (full 1):
 PSYoungGen      total 192512K, used 11065K [0x00000000d5580000, 0x00000000e2c00000, 0x0000000100000000)
  eden space 181248K, 0% used [0x00000000d5580000,0x00000000d5580000,0x00000000e0680000)
  from space 11264K, 98% used [0x00000000e2100000,0x00000000e2bce740,0x00000000e2c00000)
  to   space 13312K, 0% used [0x00000000e1200000,0x00000000e1200000,0x00000000e1f00000)
 ParOldGen       total 66048K, used 7564K [0x0000000080000000, 0x0000000084080000, 0x00000000d5580000)
  object space 66048K, 11% used [0x0000000080000000,0x0000000080763328,0x0000000084080000)
 Metaspace       used 31066K, capacity 31786K, committed 31920K, reserved 1077248K
  class space    used 4227K, capacity 4468K, committed 4528K, reserved 1048576K
}
Event: 4.747 GC heap before
{Heap before GC invocations=8 (full 1):
 PSYoungGen      total 192512K, used 94158K [0x00000000d5580000, 0x00000000e2c00000, 0x0000000100000000)
  eden space 181248K, 45% used [0x00000000d5580000,0x00000000da6a5358,0x00000000e0680000)
  from space 11264K, 98% used [0x00000000e2100000,0x00000000e2bce740,0x00000000e2c00000)
  to   space 13312K, 0% used [0x00000000e1200000,0x00000000e1200000,0x00000000e1f00000)
 ParOldGen       total 66048K, used 7564K [0x0000000080000000, 0x0000000084080000, 0x00000000d5580000)
  object space 66048K, 11% used [0x0000000080000000,0x0000000080763328,0x0000000084080000)
 Metaspace       used 34583K, capacity 35410K, committed 35496K, reserved 1079296K
  class space    used 4743K, capacity 4972K, committed 5040K, reserved 1048576K
Event: 4.758 GC heap after
Heap after GC invocations=8 (full 1):
 PSYoungGen      total 194560K, used 10088K [0x00000000d5580000, 0x00000000e2c00000, 0x0000000100000000)
  eden space 181248K, 0% used [0x00000000d5580000,0x00000000d5580000,0x00000000e0680000)
  from space 13312K, 75% used [0x00000000e1200000,0x00000000e1bda168,0x00000000e1f00000)
  to   space 11264K, 0% used [0x00000000e2100000,0x00000000e2100000,0x00000000e2c00000)
 ParOldGen       total 66048K, used 7572K [0x0000000080000000, 0x0000000084080000, 0x00000000d5580000)
  object space 66048K, 11% used [0x0000000080000000,0x0000000080765328,0x0000000084080000)
 Metaspace       used 34583K, capacity 35410K, committed 35496K, reserved 1079296K
  class space    used 4743K, capacity 4972K, committed 5040K, reserved 1048576K
}
Event: 4.758 GC heap before
{Heap before GC invocations=9 (full 2):
 PSYoungGen      total 194560K, used 10088K [0x00000000d5580000, 0x00000000e2c00000, 0x0000000100000000)
  eden space 181248K, 0% used [0x00000000d5580000,0x00000000d5580000,0x00000000e0680000)
  from space 13312K, 75% used [0x00000000e1200000,0x00000000e1bda168,0x00000000e1f00000)
  to   space 11264K, 0% used [0x00000000e2100000,0x00000000e2100000,0x00000000e2c00000)
 ParOldGen       total 66048K, used 7572K [0x0000000080000000, 0x0000000084080000, 0x00000000d5580000)
  object space 66048K, 11% used [0x0000000080000000,0x0000000080765328,0x0000000084080000)
 Metaspace       used 34583K, capacity 35410K, committed 35496K, reserved 1079296K
  class space    used 4743K, capacity 4972K, committed 5040K, reserved 1048576K
Event: 4.872 GC heap after
Heap after GC invocations=9 (full 2):
 PSYoungGen      total 194560K, used 0K [0x00000000d5580000, 0x00000000e2c00000, 0x0000000100000000)
  eden space 181248K, 0% used [0x00000000d5580000,0x00000000d5580000,0x00000000e0680000)
  from space 13312K, 0% used [0x00000000e1200000,0x00000000e1200000,0x00000000e1f00000)
  to   space 11264K, 0% used [0x00000000e2100000,0x00000000e2100000,0x00000000e2c00000)
 ParOldGen       total 101888K, used 16506K [0x0000000080000000, 0x0000000086380000, 0x00000000d5580000)
  object space 101888K, 16% used [0x0000000080000000,0x000000008101ea88,0x0000000086380000)
 Metaspace       used 34583K, capacity 35410K, committed 35496K, reserved 1079296K
  class space    used 4743K, capacity 4972K, committed 5040K, reserved 1048576K
}
Event: 7.366 GC heap before
{Heap before GC invocations=10 (full 2):
 PSYoungGen      total 194560K, used 181248K [0x00000000d5580000, 0x00000000e2c00000, 0x0000000100000000)
  eden space 181248K, 100% used [0x00000000d5580000,0x00000000e0680000,0x00000000e0680000)
  from space 13312K, 0% used [0x00000000e1200000,0x00000000e1200000,0x00000000e1f00000)
  to   space 11264K, 0% used [0x00000000e2100000,0x00000000e2100000,0x00000000e2c00000)
 ParOldGen       total 101888K, used 16506K [0x0000000080000000, 0x0000000086380000, 0x00000000d5580000)
  object space 101888K, 16% used [0x0000000080000000,0x000000008101ea88,0x0000000086380000)
 Metaspace       used 49584K, capacity 51178K, committed 51368K, reserved 1093632K
  class space    used 6633K, capacity 7025K, committed 7088K, reserved 1048576K
Event: 7.382 GC heap after
Heap after GC invocations=10 (full 2):
 PSYoungGen      total 192512K, used 11260K [0x00000000d5580000, 0x00000000e2c00000, 0x0000000100000000)
  eden space 181248K, 0% used [0x00000000d5580000,0x00000000d5580000,0x00000000e0680000)
  from space 11264K, 99% used [0x00000000e2100000,0x00000000e2bff320,0x00000000e2c00000)
  to   space 13312K, 0% used [0x00000000e1200000,0x00000000e1200000,0x00000000e1f00000)
 ParOldGen       total 101888K, used 26831K [0x0000000080000000, 0x0000000086380000, 0x00000000d5580000)
  object space 101888K, 26% used [0x0000000080000000,0x0000000081a33fd8,0x0000000086380000)
 Metaspace       used 49584K, capacity 51178K, committed 51368K, reserved 1093632K
  class space    used 6633K, capacity 7025K, committed 7088K, reserved 1048576K
}

Deoptimization events (10 events):
Event: 6.466 Thread 0x000000001bfc9000 Uncommon trap: reason=unstable_if action=reinterpret pc=0x00000000032b8084 method=java.security.CodeSource.getCertificates()[Ljava/security/cert/Certificate; @ 4
Event: 6.466 Thread 0x000000001bfc9000 Uncommon trap: reason=unstable_if action=reinterpret pc=0x00000000032b8084 method=java.security.CodeSource.getCertificates()[Ljava/security/cert/Certificate; @ 4
Event: 6.496 Thread 0x000000001bfc9000 Uncommon trap: reason=unstable_if action=reinterpret pc=0x000000000313ad98 method=java.util.LinkedHashMap.get(Ljava/lang/Object;)Ljava/lang/Object; @ 20
Event: 6.543 Thread 0x000000001bfc9000 Uncommon trap: reason=unstable_if action=reinterpret pc=0x000000000300e2fc method=java.security.CodeSource.matchCerts(Ljava/security/CodeSource;Z)Z @ 11
Event: 7.037 Thread 0x000000001bfc9000 Uncommon trap: reason=unstable_if action=reinterpret pc=0x00000000031fb4b0 method=org.gradle.internal.reflect.PropertyAccessorType.of(Ljava/lang/reflect/Method;)Lorg/gradle/internal/reflect/PropertyAccessorType; @ 56
Event: 7.212 Thread 0x000000001bfc9000 Uncommon trap: reason=unstable_if action=reinterpret pc=0x00000000033100f0 method=org.gradle.internal.instantiation.generator.AbstractClassGenerator$InjectionAnnotationValidator.validateMethod(Ljava/lang/reflect/Method;Lorg/gradle/internal/reflect/Propert
Event: 7.212 Thread 0x000000001bfc9000 Uncommon trap: reason=unstable_if action=reinterpret pc=0x00000000028063c4 method=org.gradle.internal.instantiation.generator.AbstractClassGenerator$InjectionAnnotationValidator.validateMethod(Ljava/lang/reflect/Method;Lorg/gradle/internal/reflect/Propert
Event: 7.258 Thread 0x000000001bfc9000 Uncommon trap: reason=unstable_if action=reinterpret pc=0x0000000002f574b8 method=org.codehaus.groovy.runtime.metaclass.MetaMethodIndex.isNonRealMethod(Lgroovy/lang/MetaMethod;)Z @ 4
Event: 7.259 Thread 0x000000001bfc9000 Uncommon trap: reason=unstable_if action=reinterpret pc=0x00000000032d0cdc method=groovy.lang.MetaClassImpl$1MOPIter.methodNameAction(Ljava/lang/Class;Lorg/codehaus/groovy/runtime/metaclass/MetaMethodIndex$Entry;)V @ 182
Event: 7.275 Thread 0x000000001bfc9000 Uncommon trap: reason=unstable_if action=reinterpret pc=0x0000000002b652dc method=java.lang.ClassLoader.checkCerts(Ljava/lang/String;Ljava/security/CodeSource;)V @ 29

Classes redefined (0 events):
No events

Internal exceptions (10 events):
Event: 7.445 Thread 0x000000001bfc9000 Exception <a 'java/lang/ClassNotFoundException': org/gradle/api/internal/file/AbstractFileCollectionBeanInfo> (0x00000000d61876c0) thrown at [C:\src\AOSP-openjdk-git\hotspot\src\share\vm\classfile\systemDictionary.cpp, line 210]
Event: 7.446 Thread 0x000000001bfc9000 Exception <a 'java/lang/ClassNotFoundException': org/gradle/api/internal/file/AbstractFileCollectionCustomizer> (0x00000000d61c70a8) thrown at [C:\src\AOSP-openjdk-git\hotspot\src\share\vm\classfile\systemDictionary.cpp, line 210]
Event: 7.448 Thread 0x000000001bfc9000 Exception <a 'java/lang/ClassNotFoundException': org/gradle/api/internal/file/CompositeFileCollectionCustomizer> (0x00000000d6217c00) thrown at [C:\src\AOSP-openjdk-git\hotspot\src\share\vm\classfile\systemDictionary.cpp, line 210]
Event: 7.449 Thread 0x000000001bfc9000 Exception <a 'java/lang/ClassNotFoundException': org/gradle/api/internal/file/CompositeFileTreeCustomizer> (0x00000000d6262560) thrown at [C:\src\AOSP-openjdk-git\hotspot\src\share\vm\classfile\systemDictionary.cpp, line 210]
Event: 7.450 Thread 0x000000001bfc9000 Exception <a 'java/lang/ClassNotFoundException': org/gradle/api/internal/file/collections/DefaultConfigurableFileTreeCustomizer> (0x00000000d62b9708) thrown at [C:\src\AOSP-openjdk-git\hotspot\src\share\vm\classfile\systemDictionary.cpp, line 210]
Event: 7.562 Thread 0x000000001bfc9000 Exception <a 'java/lang/ClassNotFoundException': org/gradle/api/plugins/internal/DefaultBasePluginConventionBeanInfo> (0x00000000d6a0e7a8) thrown at [C:\src\AOSP-openjdk-git\hotspot\src\share\vm\classfile\systemDictionary.cpp, line 210]
Event: 7.562 Thread 0x000000001bfc9000 Exception <a 'java/lang/ClassNotFoundException': org/gradle/api/plugins/BasePluginConventionBeanInfo> (0x00000000d6a3a210) thrown at [C:\src\AOSP-openjdk-git\hotspot\src\share\vm\classfile\systemDictionary.cpp, line 210]
Event: 7.562 Thread 0x000000001bfc9000 Exception <a 'java/lang/ClassNotFoundException': org/gradle/api/plugins/BasePluginConventionCustomizer> (0x00000000d6a663b0) thrown at [C:\src\AOSP-openjdk-git\hotspot\src\share\vm\classfile\systemDictionary.cpp, line 210]
Event: 7.563 Thread 0x000000001bfc9000 Exception <a 'java/lang/ClassNotFoundException': org/gradle/api/plugins/internal/DefaultBasePluginConventionCustomizer> (0x00000000d6aafc10) thrown at [C:\src\AOSP-openjdk-git\hotspot\src\share\vm\classfile\systemDictionary.cpp, line 210]
Event: 7.570 Thread 0x000000001bfc9000 Exception <a 'java/lang/NoSuchMethodError': java.lang.Object.lambda$comparingInt$7b0bb60$1(Ljava/util/function/ToIntFunction;Ljava/lang/Object;Ljava/lang/Object;)I> (0x00000000d6b21100) thrown at [C:\src\AOSP-openjdk-git\hotspot\src\share\vm\interpreter\l

Events (10 events):
Event: 7.869 loading class org/gradle/api/component/ConfigurationVariantDetails
Event: 7.869 loading class org/gradle/api/component/ConfigurationVariantDetails done
Event: 7.869 loading class org/gradle/api/component/ConfigurationVariantDetails
Event: 7.869 loading class org/gradle/api/component/ConfigurationVariantDetails done
Event: 7.870 loading class org/gradle/api/component/ConfigurationVariantDetails
Event: 7.870 loading class org/gradle/api/component/ConfigurationVariantDetails done
Event: 7.870 loading class org/gradle/api/Action
Event: 7.870 loading class org/gradle/api/Action done
Event: 7.870 loading class org/gradle/api/component/AdhocComponentWithVariants
Event: 7.870 loading class org/gradle/api/component/AdhocComponentWithVariants done


Dynamic libraries:
0x00007ff682b50000 - 0x00007ff682b81000 	C:\Program Files\Android\Android Studio\jre\bin\java.exe
0x00007ff912c20000 - 0x00007ff912e10000 	C:\WINDOWS\SYSTEM32\ntdll.dll
0x00007ff912320000 - 0x00007ff9123d2000 	C:\WINDOWS\System32\KERNEL32.DLL
0x00007ff910600000 - 0x00007ff9108a5000 	C:\WINDOWS\System32\KERNELBASE.dll
0x00007ff912040000 - 0x00007ff9120e3000 	C:\WINDOWS\System32\ADVAPI32.dll
0x00007ff912a10000 - 0x00007ff912aae000 	C:\WINDOWS\System32\msvcrt.dll
0x00007ff911f30000 - 0x00007ff911fc7000 	C:\WINDOWS\System32\sechost.dll
0x00007ff911860000 - 0x00007ff911980000 	C:\WINDOWS\System32\RPCRT4.dll
0x00007ff911a80000 - 0x00007ff911c14000 	C:\WINDOWS\System32\USER32.dll
0x00007ff90fbd0000 - 0x00007ff90fbf1000 	C:\WINDOWS\System32\win32u.dll
0x00007ff912910000 - 0x00007ff912936000 	C:\WINDOWS\System32\GDI32.dll
0x00007ff910900000 - 0x00007ff910a96000 	C:\WINDOWS\System32\gdi32full.dll
0x00007ff90fc20000 - 0x00007ff90fcbe000 	C:\WINDOWS\System32\msvcp_win.dll
0x00007ff910bd0000 - 0x00007ff910cca000 	C:\WINDOWS\System32\ucrtbase.dll
0x00007ff8f2740000 - 0x00007ff8f29c4000 	C:\WINDOWS\WinSxS\amd64_microsoft.windows.common-controls_6595b64144ccf1df_6.0.18362.1198_none_9e820b57e45ad92f\COMCTL32.dll
0x00007ff910cd0000 - 0x00007ff911005000 	C:\WINDOWS\System32\combase.dll
0x00007ff910aa0000 - 0x00007ff910b20000 	C:\WINDOWS\System32\bcryptPrimitives.dll
0x00007ff911c20000 - 0x00007ff911c4e000 	C:\WINDOWS\System32\IMM32.DLL
0x000000005fba0000 - 0x000000005fc72000 	C:\Program Files\Android\Android Studio\jre\jre\bin\msvcr100.dll
0x0000000060610000 - 0x0000000060e5b000 	C:\Program Files\Android\Android Studio\jre\jre\bin\server\jvm.dll
0x00007ff9123e0000 - 0x00007ff9123e8000 	C:\WINDOWS\System32\PSAPI.DLL
0x00007ff903620000 - 0x00007ff903644000 	C:\WINDOWS\SYSTEM32\WINMM.dll
0x00007ff900e00000 - 0x00007ff900e0a000 	C:\WINDOWS\SYSTEM32\VERSION.dll
0x00007ff900f00000 - 0x00007ff900f09000 	C:\WINDOWS\SYSTEM32\WSOCK32.dll
0x00007ff911fd0000 - 0x00007ff91203f000 	C:\WINDOWS\System32\WS2_32.dll
0x00007ff9033e0000 - 0x00007ff90340d000 	C:\WINDOWS\SYSTEM32\WINMMBASE.dll
0x00007ff9108b0000 - 0x00007ff9108fa000 	C:\WINDOWS\System32\cfgmgr32.dll
0x00007ff90dba0000 - 0x00007ff90dbaf000 	C:\Program Files\Android\Android Studio\jre\jre\bin\verify.dll
0x00007ff907ab0000 - 0x00007ff907ad9000 	C:\Program Files\Android\Android Studio\jre\jre\bin\java.dll
0x00007ff90db80000 - 0x00007ff90db96000 	C:\Program Files\Android\Android Studio\jre\jre\bin\zip.dll
0x00007ff911170000 - 0x00007ff911857000 	C:\WINDOWS\System32\SHELL32.dll
0x00007ff9123f0000 - 0x00007ff912499000 	C:\WINDOWS\System32\shcore.dll
0x00007ff90fe70000 - 0x00007ff9105f1000 	C:\WINDOWS\System32\windows.storage.dll
0x00007ff90fb20000 - 0x00007ff90fb43000 	C:\WINDOWS\System32\profapi.dll
0x00007ff90fb50000 - 0x00007ff90fb9a000 	C:\WINDOWS\System32\powrprof.dll
0x00007ff90fad0000 - 0x00007ff90fae0000 	C:\WINDOWS\System32\UMPDC.dll
0x00007ff911d90000 - 0x00007ff911de2000 	C:\WINDOWS\System32\shlwapi.dll
0x00007ff90fae0000 - 0x00007ff90faf1000 	C:\WINDOWS\System32\kernel.appcore.dll
0x00007ff90fc00000 - 0x00007ff90fc17000 	C:\WINDOWS\System32\cryptsp.dll
0x00007ff907830000 - 0x00007ff90784a000 	C:\Program Files\Android\Android Studio\jre\jre\bin\net.dll
0x00007ff90f320000 - 0x00007ff90f387000 	C:\WINDOWS\system32\mswsock.dll
0x00007ff906c00000 - 0x00007ff906c13000 	C:\Program Files\Android\Android Studio\jre\jre\bin\nio.dll
0x00007ff906560000 - 0x00007ff906586000 	C:\Users\ACER\.gradle\native\31\windows-amd64\native-platform.dll
0x00007ff906bf0000 - 0x00007ff906bfd000 	C:\Program Files\Android\Android Studio\jre\jre\bin\management.dll
0x00007ff90ee90000 - 0x00007ff90eec3000 	C:\WINDOWS\system32\rsaenh.dll
0x00007ff90fba0000 - 0x00007ff90fbc6000 	C:\WINDOWS\System32\bcrypt.dll
0x00007ff90f9f0000 - 0x00007ff90fa15000 	C:\WINDOWS\SYSTEM32\USERENV.dll
0x00007ff90f4f0000 - 0x00007ff90f4fc000 	C:\WINDOWS\SYSTEM32\CRYPTBASE.dll
0x00007ff90f030000 - 0x00007ff90f06a000 	C:\WINDOWS\SYSTEM32\IPHLPAPI.DLL
0x00007ff911a50000 - 0x00007ff911a58000 	C:\WINDOWS\System32\NSI.dll
0x00007ff9060a0000 - 0x00007ff9060b6000 	C:\WINDOWS\SYSTEM32\dhcpcsvc6.DLL
0x00007ff905fd0000 - 0x00007ff905fec000 	C:\WINDOWS\SYSTEM32\dhcpcsvc.DLL
0x00007ff90f070000 - 0x00007ff90f13b000 	C:\WINDOWS\SYSTEM32\DNSAPI.dll

VM Arguments:
jvm_args: -Xmx2048m -Dfile.encoding=windows-1252 -Duser.country=US -Duser.language=en -Duser.variant 
java_command: org.gradle.launcher.daemon.bootstrap.GradleDaemon 6.1.1
java_class_path (initial): C:\Users\ACER\.gradle\wrapper\dists\gradle-6.1.1-all\cfmwm155h49vnt3hynmlrsdst\gradle-6.1.1\lib\gradle-launcher-6.1.1.jar
Launcher Type: SUN_STANDARD

Environment Variables:
JAVA_HOME=C:\Program Files\Java\jdk-14.0.1
PATH=C:\Program Files\Microsoft MPI\Bin\;C:\Program Files (x86)\Intel\Intel(R) Management Engine Components\iCLS\;C:\Program Files\Intel\Intel(R) Management Engine Components\iCLS\;C:\WINDOWS\system32;C:\WINDOWS;C:\WINDOWS\System32\Wbem;C:\WINDOWS\System32\WindowsPowerShell\v1.0\;C:\Program Files (x86)\Intel\Intel(R) Management Engine Components\DAL;C:\Program Files\Intel\Intel(R) Management Engine Components\DAL;C:\Program Files (x86)\Intel\Intel(R) Management Engine Components\IPT;C:\Program Files\Intel\Intel(R) Management Engine Components\IPT;C:\Program Files\Intel\WiFi\bin\;C:\Program Files\Common Files\Intel\WirelessCommon\;C:\WINDOWS\System32\OpenSSH\;C:\Users\ACER\AppData\Local\Microsoft\WindowsApps;C:\adb;C:\Program Files\Java\jdk-14.0.1\bin;C:\Program Files\Git\cmd;C:\Program Files (x86)\Microsoft SQL Server\140\Tools\Binn\;C:\Program Files\Microsoft SQL Server\140\Tools\Binn\;C:\Program Files (x86)\Microsoft SQL Server\140\DTS\Binn\;C:\Program Files\Microsoft SQL Server\140\DTS\Binn\;C:\Program Files\Microsoft SQL Server\Client SDK\ODBC\130\Tools\Binn\;C:\Program Files (x86)\Microsoft SQL Server\150\DTS\Binn\;C:\Program Files\Azure Data Studio\bin;C:\Users\ACER\AppData\Local\Microsoft\WindowsApps;C:\Users\ACER\AppData\Local\GitHubDesktop\bin;C:\Users\ACER\AppData\Local\Programs\Microsoft VS Code\bin;C:\Program Files\Azure Data Studio\bin
USERNAME=ACER
OS=Windows_NT
PROCESSOR_IDENTIFIER=Intel64 Family 6 Model 142 Stepping 10, GenuineIntel



---------------  S Y S T E M  ---------------

OS: Windows 10.0 , 64 bit Build 18362 (10.0.18362.1110)

CPU:total 8 (initial active 8) (4 cores per cpu, 2 threads per core) family 6 model 142 stepping 10, cmov, cx8, fxsr, mmx, sse, sse2, sse3, ssse3, sse4.1, sse4.2, popcnt, avx, avx2, aes, clmul, erms, 3dnowpref, lzcnt, ht, tsc, tscinvbit, bmi1, bmi2, adx

Memory: 4k page, physical 12464356k(1003768k free), swap 27824224k(5444k free)

vm_info: OpenJDK 64-Bit Server VM (25.242-b01) for windows-amd64 JRE (1.8.0_242-release-1644-b01), built by "builder" with MS VC++ 10.0 (VS2010)

time: Sat Nov 21 07:09:32 2020
timezone: SE Asia Standard Time
elapsed time: 7 seconds (0d 0h 0m 7s)

